0 info it worked if it ends with ok
1 verbose cli [ 'c:\\Program Files\\nodejs\\node.exe',
1 verbose cli   'c:\\Program Files\\nodejs\\node_modules\\npm\\bin\\npm-cli.js',
1 verbose cli   'run',
1 verbose cli   'watch' ]
2 info using npm@3.10.10
3 info using node@v6.9.5
4 verbose run-script [ 'prewatch', 'watch', 'postwatch' ]
5 info lifecycle rebuy@1.0.0~prewatch: rebuy@1.0.0
6 silly lifecycle rebuy@1.0.0~prewatch: no script for prewatch, continuing
7 info lifecycle rebuy@1.0.0~watch: rebuy@1.0.0
8 verbose lifecycle rebuy@1.0.0~watch: unsafe-perm in lifecycle true
9 verbose lifecycle rebuy@1.0.0~watch: PATH: c:\Program Files\nodejs\node_modules\npm\bin\node-gyp-bin;e:\projects\rebuy\node_modules\.bin;c:\Users\dexster\bin;.;C:\Program Files (x86)\Git\local\bin;C:\Program Files (x86)\Git\mingw\bin;C:\Program Files (x86)\Git\bin;c:\WINDOWS\system32;c:\WINDOWS;c:\WINDOWS\System32\Wbem;c:\WINDOWS\System32\WindowsPowerShell\v1.0\;c:\Program Files (x86)\ATI Technologies\ATI.ACE\Core-Static;c:\Program Files\nodejs\;e:\phplint-2.1_20150305\phplint-2.1_20150305;c:\ProgramData\ComposerSetup\bin;c:\Program Files\TortoiseGit\bin;c:\Program Files (x86)\Common Files\Ulead Systems\MPEG;c:\Program Files (x86)\Skype\Phone\;c:\Program Files (x86)\Windows Kits\8.1\Windows Performance Toolkit\;e:\wamp64\bin\php\php7.0.10;c:\HashiCorp\Vagrant\bin;c:\Ruby23\bin;c:\Users\dexster\AppData\Roaming\npm;c:\Program Files (x86)\HMA! Pro VPN\bin;c:\Users\dexster\AppData\Local\Microsoft\WindowsApps;c:\Program Files\Oracle\VirtualBox
10 verbose lifecycle rebuy@1.0.0~watch: CWD: e:\projects\rebuy
11 silly lifecycle rebuy@1.0.0~watch: Args: [ '/d /s /c',
11 silly lifecycle   'node node_modules/cross-env/bin/cross-env.js NODE_ENV=development node_modules/webpack/bin/webpack.js --watch --progress --hide-modules --config=node_modules/laravel-mix/setup/webpack.config.js' ]
12 silly lifecycle rebuy@1.0.0~watch: Returned: code: 3221225786  signal: null
13 info lifecycle rebuy@1.0.0~watch: Failed to exec watch script
14 verbose stack Error: rebuy@1.0.0 watch: `node node_modules/cross-env/bin/cross-env.js NODE_ENV=development node_modules/webpack/bin/webpack.js --watch --progress --hide-modules --config=node_modules/laravel-mix/setup/webpack.config.js`
14 verbose stack Exit status 3221225786
14 verbose stack     at EventEmitter.<anonymous> (c:\Program Files\nodejs\node_modules\npm\lib\utils\lifecycle.js:255:16)
14 verbose stack     at emitTwo (events.js:106:13)
14 verbose stack     at EventEmitter.emit (events.js:191:7)
14 verbose stack     at ChildProcess.<anonymous> (c:\Program Files\nodejs\node_modules\npm\lib\utils\spawn.js:40:14)
14 verbose stack     at emitTwo (events.js:106:13)
14 verbose stack     at ChildProcess.emit (events.js:191:7)
14 verbose stack     at maybeClose (internal/child_process.js:877:16)
14 verbose stack     at Process.ChildProcess._handle.onexit (internal/child_process.js:226:5)
15 verbose pkgid rebuy@1.0.0
16 verbose cwd e:\projects\rebuy
17 error Windows_NT 10.0.14393
18 error argv "c:\\Program Files\\nodejs\\node.exe" "c:\\Program Files\\nodejs\\node_modules\\npm\\bin\\npm-cli.js" "run" "watch"
19 error node v6.9.5
20 error npm  v3.10.10
21 error code ELIFECYCLE
22 error rebuy@1.0.0 watch: `node node_modules/cross-env/bin/cross-env.js NODE_ENV=development node_modules/webpack/bin/webpack.js --watch --progress --hide-modules --config=node_modules/laravel-mix/setup/webpack.config.js`
22 error Exit status 3221225786
23 error Failed at the rebuy@1.0.0 watch script 'node node_modules/cross-env/bin/cross-env.js NODE_ENV=development node_modules/webpack/bin/webpack.js --watch --progress --hide-modules --config=node_modules/laravel-mix/setup/webpack.config.js'.
23 error Make sure you have the latest version of node.js and npm installed.
23 error If you do, this is most likely a problem with the rebuy package,
23 error not with npm itself.
23 error Tell the author that this fails on your system:
23 error     node node_modules/cross-env/bin/cross-env.js NODE_ENV=development node_modules/webpack/bin/webpack.js --watch --progress --hide-modules --config=node_modules/laravel-mix/setup/webpack.config.js
23 error You can get information on how to open an issue for this project with:
23 error     npm bugs rebuy
23 error Or if that isn't available, you can get their info via:
23 error     npm owner ls rebuy
23 error There is likely additional logging output above.
24 verbose exit [ 1, true ]
